2015/06/26 20:03:46	BOJ C:\Users\DAVE\Documents\Visual Studio 2013\Projects\WizardWrx_Libs\DLLServices2\scripts\StandardHandlesLabDrills.CMD, version 1.01
2015/06/26 20:03:46	Working Directory = C:\Users\DAVE\Documents\Visual Studio 2013\Projects\WizardWrx_Libs\DLLServices2\Redirected_Streams
2015/06/26 20:03:46	Program File Name = C:\Users\DAVE\Documents\Visual Studio 2013\Projects\WizardWrx_Libs\DLLServices2\StandardHandlesLab\Debug\StandardHandlesLab.exe
2015/06/26 20:03:46	THE_DRILL: IN STDERR=D STDIN=R,STDIN.TXT STDOUT=D
2015/06/26 20:03:46	THE_DRILL: Task IN - STDIN redirected, everything else to console
2015/06/26 20:03:46	THE_DRILL: Task IN - STDIN redirected to STDIN.TXT
2015/06/26 20:03:46	THE_DRILL: Task IN completed = exit code = 0
2015/06/26 22:06:18	BOJ C:\Users\DAVE\Documents\Visual Studio 2013\Projects\WizardWrx_Libs\DLLServices2\scripts\StandardHandlesLabDrills.CMD, version 1.01
2015/06/26 22:06:18	Working Directory = C:\Users\DAVE\Documents\Visual Studio 2013\Projects\WizardWrx_Libs\DLLServices2\Redirected_Streams
2015/06/26 22:06:18	Program File Name = C:\Users\DAVE\Documents\Visual Studio 2013\Projects\WizardWrx_Libs\DLLServices2\StandardHandlesLab\Debug\StandardHandlesLab.exe
2015/06/26 22:06:18	THE_DRILL: IN STDERR=D STDIN=R,STDIN.TXT STDOUT=D
2015/06/26 22:06:18	THE_DRILL: Task IN - STDIN redirected, everything else to console
2015/06/26 22:06:18	THE_DRILL: Task IN - STDIN redirected to STDIN.TXT
2015/06/26 22:06:18	THE_DRILL: Task IN completed = exit code = -2147483645
2015/06/26 22:19:28	BOJ C:\Users\DAVE\Documents\Visual Studio 2013\Projects\WizardWrx_Libs\DLLServices2\scripts\StandardHandlesLabDrills.CMD, version 1.01
2015/06/26 22:19:28	Working Directory = C:\Users\DAVE\Documents\Visual Studio 2013\Projects\WizardWrx_Libs\DLLServices2\Redirected_Streams
2015/06/26 22:19:29	Program File Name = C:\Users\DAVE\Documents\Visual Studio 2013\Projects\WizardWrx_Libs\DLLServices2\StandardHandlesLab\Debug\StandardHandlesLab.exe
2015/06/26 22:19:29	THE_DRILL: IN STDERR=D STDIN=R,STDIN.TXT STDOUT=D
2015/06/26 22:19:29	THE_DRILL: Task IN - STDIN redirected, everything else to console
2015/06/26 22:19:29	THE_DRILL: Task IN - STDIN redirected to STDIN.TXT
2015/06/26 23:11:06	THE_DRILL: Task IN completed = exit code = 0
2015/06/27 00:31:52	BOJ C:\Users\DAVE\Documents\Visual Studio 2013\Projects\WizardWrx_Libs\DLLServices2\scripts\StandardHandlesLabDrills.CMD, version 1.01
2015/06/27 00:31:52	Working Directory = C:\Users\DAVE\Documents\Visual Studio 2013\Projects\WizardWrx_Libs\DLLServices2\Redirected_Streams
2015/06/27 00:31:52	Program File Name = C:\Users\DAVE\Documents\Visual Studio 2013\Projects\WizardWrx_Libs\DLLServices2\StandardHandlesLab\Debug\StandardHandlesLab.exe
2015/06/27 00:31:52	THE_DRILL: IN STDERR=D STDIN=R,STDIN.TXT STDOUT=D
2015/06/27 00:31:52	THE_DRILL: Task IN - STDIN redirected, everything else to console
2015/06/27 00:31:52	THE_DRILL: Task IN - STDIN redirected to STDIN.TXT
2015/06/27 00:32:14	THE_DRILL: Task IN completed = exit code = 0
2015/06/27 00:34:04	BOJ C:\Users\DAVE\Documents\Visual Studio 2013\Projects\WizardWrx_Libs\DLLServices2\scripts\StandardHandlesLabDrills.CMD, version 1.01
2015/06/27 00:34:04	Working Directory = C:\Users\DAVE\Documents\Visual Studio 2013\Projects\WizardWrx_Libs\DLLServices2\Redirected_Streams
2015/06/27 00:34:04	Program File Name = C:\Users\DAVE\Documents\Visual Studio 2013\Projects\WizardWrx_Libs\DLLServices2\StandardHandlesLab\Debug\StandardHandlesLab.exe
2015/06/27 00:34:04	THE_DRILL: IN STDERR=D STDIN=R,STDIN.TXT STDOUT=D
2015/06/27 00:34:04	THE_DRILL: Task IN - STDIN redirected, everything else to console
2015/06/27 00:34:04	THE_DRILL: Task IN - STDIN redirected to STDIN.TXT
2015/06/27 00:34:26	THE_DRILL: Task IN completed = exit code = 255
2015/06/27 00:34:43	BOJ C:\Users\DAVE\Documents\Visual Studio 2013\Projects\WizardWrx_Libs\DLLServices2\scripts\StandardHandlesLabDrills.CMD, version 1.01
2015/06/27 00:34:43	Working Directory = C:\Users\DAVE\Documents\Visual Studio 2013\Projects\WizardWrx_Libs\DLLServices2\Redirected_Streams
2015/06/27 00:34:43	Program File Name = C:\Users\DAVE\Documents\Visual Studio 2013\Projects\WizardWrx_Libs\DLLServices2\StandardHandlesLab\Debug\StandardHandlesLab.exe
2015/06/27 00:34:43	THE_DRILL: IN STDERR=D STDIN=R,STDIN.TXT STDOUT=D
2015/06/27 00:34:43	THE_DRILL: Task IN - STDIN redirected, everything else to console
2015/06/27 00:34:43	THE_DRILL: Task IN - STDIN redirected to STDIN.TXT
2015/06/27 02:45:25	THE_DRILL: Task IN completed = exit code = 0
2015/06/27 02:48:53	BOJ C:\Users\DAVE\Documents\Visual Studio 2013\Projects\WizardWrx_Libs\DLLServices2\scripts\StandardHandlesLabDrills.CMD, version 1.01
2015/06/27 02:48:53	Working Directory = C:\Users\DAVE\Documents\Visual Studio 2013\Projects\WizardWrx_Libs\DLLServices2\Redirected_Streams
2015/06/27 02:48:53	Program File Name = C:\Users\DAVE\Documents\Visual Studio 2013\Projects\WizardWrx_Libs\DLLServices2\StandardHandlesLab\Debug\StandardHandlesLab.exe
2015/06/27 02:48:53	THE_DRILL: IN STDERR=D STDIN=R,STDIN.TXT STDOUT=D
2015/06/27 02:48:53	THE_DRILL: Task IN - STDIN redirected, everything else to console
2015/06/27 02:48:53	THE_DRILL: Task IN - STDIN redirected to STDIN.TXT
2015/06/27 02:48:53	THE_DRILL: Task IN completed = exit code = 0
2015/06/27 17:03:32	BOJ C:\Users\DAVE\Documents\Visual Studio 2013\Projects\WizardWrx_Libs\DLLServices2\scripts\StandardHandlesLabDrills.CMD, version 1.01
2015/06/27 17:03:32	Working Directory = C:\Users\DAVE\Documents\Visual Studio 2013\Projects\WizardWrx_Libs\DLLServices2\Redirected_Streams
2015/06/27 17:03:32	Program File Name = C:\Users\DAVE\Documents\Visual Studio 2013\Projects\WizardWrx_Libs\DLLServices2\StandardHandlesLab\Debug\StandardHandlesLab.exe
2015/06/27 17:03:32	THE_DRILL: IN STDERR=D STDIN=R,STDIN.TXT STDOUT=D
2015/06/27 17:03:32	THE_DRILL: Task IN - STDIN redirected, everything else to console
2015/06/27 17:03:32	THE_DRILL: Task IN - STDIN redirected to STDIN.TXT
2015/06/27 17:31:57	THE_DRILL: Task IN completed = exit code = 0
2015/06/27 17:47:06	BOJ C:\Users\DAVE\Documents\Visual Studio 2013\Projects\WizardWrx_Libs\DLLServices2\scripts\StandardHandlesLabDrills.CMD, version 1.01
2015/06/27 17:47:06	Working Directory = C:\Users\DAVE\Documents\Visual Studio 2013\Projects\WizardWrx_Libs\DLLServices2\Redirected_Streams
2015/06/27 17:47:06	Program File Name = C:\Users\DAVE\Documents\Visual Studio 2013\Projects\WizardWrx_Libs\DLLServices2\StandardHandlesLab\Debug\StandardHandlesLab.exe
2015/06/27 17:47:06	THE_DRILL: IN STDERR=D STDIN=R,STDIN.TXT STDOUT=D
2015/06/27 17:47:06	THE_DRILL: Task IN - STDIN redirected, everything else to console
2015/06/27 17:47:06	THE_DRILL: Task IN - STDIN redirected to STDIN.TXT
2015/06/27 17:49:16	THE_DRILL: Task IN completed = exit code = 0
2015/06/27 17:51:59	BOJ C:\Users\DAVE\Documents\Visual Studio 2013\Projects\WizardWrx_Libs\DLLServices2\scripts\StandardHandlesLabDrills.CMD, version 1.01
2015/06/27 17:51:59	Working Directory = C:\Users\DAVE\Documents\Visual Studio 2013\Projects\WizardWrx_Libs\DLLServices2\Redirected_Streams
2015/06/27 17:51:59	Program File Name = C:\Users\DAVE\Documents\Visual Studio 2013\Projects\WizardWrx_Libs\DLLServices2\StandardHandlesLab\Debug\StandardHandlesLab.exe
2015/06/27 17:51:59	THE_DRILL: IN STDERR=D STDIN=R,STDIN.TXT STDOUT=D
2015/06/27 17:51:59	THE_DRILL: Task IN - STDIN redirected, everything else to console
2015/06/27 17:51:59	THE_DRILL: Task IN - STDIN redirected to STDIN.TXT
2015/06/27 17:51:59	THE_DRILL: Task IN completed = exit code = 0
2015/07/08 16:03:32	BOJ C:\Users\DAVE\Documents\Visual Studio 2013\Projects\WizardWrx_Libs\DLLServices2\scripts\StandardHandlesLabDrills.CMD, version 1.01
2015/07/08 16:03:32	Working Directory = C:\Users\DAVE\Documents\Visual Studio 2013\Projects\WizardWrx_Libs\DLLServices2\Redirected_Streams
2015/07/08 16:03:32	Program File Name = C:\Users\DAVE\Documents\Visual Studio 2013\Projects\WizardWrx_Libs\DLLServices2\StandardHandlesLab\Debug\StandardHandlesLab.exe
2015/07/08 16:03:32	THE_DRILL: NONE STDERR=D STDIN=D STDOUT=D
2015/07/08 16:03:32	THE_DRILL: Task NONE - everything to console
2015/07/08 16:03:32	THE_DRILL: Task NONE completed = exit code = 0
2015/07/08 16:03:32	THE_DRILL: IN STDERR=D STDIN=R,STDIN.TXT STDOUT=D
2015/07/08 16:03:32	THE_DRILL: Task IN - STDIN redirected, everything else to console
2015/07/08 16:03:32	THE_DRILL: Task IN - STDIN redirected to STDIN.TXT
2015/07/08 16:03:32	THE_DRILL: Task IN completed = exit code = 0
2015/07/08 16:03:32	THE_DRILL: OUT STDERR=D STDIN=D STDOUT=R,STDOUT.TXT
2015/07/08 16:03:32	THE_DRILL: Task OUT - STDOUT redirected, everything else to console
2015/07/08 16:03:32	THE_DRILL: Task OUT - STDOUT redirected to a new STDOUT.TXT
2015/07/08 16:03:32	THE_DRILL: Task OUT completed = exit code = 0
2015/07/08 16:03:32	THE_DRILL: ERR STDERR=R,STDERR.TXT STDIN=D STDOUT=D
2015/07/08 16:03:32	THE_DRILL: Task ERR - STDERR redirected, everything else to console
2015/07/08 16:03:32	THE_DRILL: Task ERR - STDERR redirected to a new STDERR.TXT
2015/07/08 16:03:32	THE_DRILL: Task ERR completed = exit code = 0
2015/07/08 16:03:32	Executing ExportFromEventLog1Source.CMD via shell call
2015/07/08 16:07:02	ExportFromEventLog1Source.CMD done
2015/07/08 16:07:02	EOJ StandardHandlesLabDrills.CMD
2015/07/08 21:56:50	BOJ C:\Users\DAVE\Documents\Visual Studio 2013\Projects\WizardWrx_Libs\DLLServices2\scripts\StandardHandlesLabDrills.CMD, version 1.01
2015/07/08 21:56:50	Working Directory = C:\Users\DAVE\Documents\Visual Studio 2013\Projects\WizardWrx_Libs\DLLServices2\Redirected_Streams
2015/07/08 21:56:50	Program File Name = C:\Users\DAVE\Documents\Visual Studio 2013\Projects\WizardWrx_Libs\DLLServices2\StandardHandlesLab\Debug\StandardHandlesLab.exe
2015/07/08 21:56:50	THE_DRILL: NONE STDERR=D STDIN=D STDOUT=D
2015/07/08 21:56:50	THE_DRILL: Task NONE - everything to console
2015/07/08 21:56:50	THE_DRILL: Task NONE completed = exit code = 0
2015/07/08 21:56:50	THE_DRILL: IN STDERR=D STDIN=R,STDIN.TXT STDOUT=D
2015/07/08 21:56:50	THE_DRILL: Task IN - STDIN redirected, everything else to console
2015/07/08 21:56:50	THE_DRILL: Task IN - STDIN redirected to STDIN.TXT
2015/07/08 21:56:50	THE_DRILL: Task IN completed = exit code = 0
2015/07/08 21:56:50	THE_DRILL: OUT STDERR=D STDIN=D STDOUT=R,STDOUT.TXT
2015/07/08 21:56:50	THE_DRILL: Task OUT - STDOUT redirected, everything else to console
2015/07/08 21:56:51	THE_DRILL: Task OUT - STDOUT redirected to a new STDOUT.TXT - existing report preserved
2015/07/08 21:56:51	THE_DRILL: Task OUT completed = exit code = 0
2015/07/08 21:56:51	THE_DRILL: ERR STDERR=R,STDERR.TXT STDIN=D STDOUT=D
2015/07/08 21:56:51	THE_DRILL: Task ERR - STDERR redirected, everything else to console
2015/07/08 21:56:51	THE_DRILL: Task ERR - STDERR redirected to a new STDERR.TXT - existing report preserved
2015/07/08 21:56:51	THE_DRILL: Task ERR completed = exit code = 0
2015/07/08 21:56:51	Executing ExportFromEventLog1Source.CMD via shell call
2015/07/08 21:56:57	ExportFromEventLog1Source.CMD done
2015/07/08 21:56:57	EOJ StandardHandlesLabDrills.CMD
