2015/09/22 09:47:53	BOJ C:\Users\DAVE\Documents\Visual Studio 2013\Projects\WizardWrx_Libs\DLLServices2\scripts\StandardHandlesLabDrills.CMD, version 1.01
2015/09/22 09:47:54	Working Directory = C:\Users\DAVE\Documents\Visual Studio 2013\Projects\WizardWrx_Libs\DLLServices2\Redirected_Streams
2015/09/22 09:47:54	Program File Name = C:\Users\DAVE\Documents\Visual Studio 2013\Projects\WizardWrx_Libs\DLLServices2\StandardHandlesLab\Debug\StandardHandlesLab.exe
2015/09/22 09:47:54	THE_DRILL: OUT STDERR=D STDIN=D STDOUT=R,STDOUT.TXT
2015/09/22 09:47:54	THE_DRILL: Task OUT - STDOUT redirected, everything else to console
2015/09/22 09:47:54	THE_DRILL: Task OUT - STDOUT redirected to a new STDOUT.TXT - existing report preserved
2015/09/22 09:49:48	THE_DRILL: Task OUT completed = exit code = 1073741855
2015/09/22 09:57:18	BOJ C:\Users\DAVE\Documents\Visual Studio 2013\Projects\WizardWrx_Libs\DLLServices2\scripts\StandardHandlesLabDrills.CMD, version 1.01
2015/09/22 09:57:18	Working Directory = C:\Users\DAVE\Documents\Visual Studio 2013\Projects\WizardWrx_Libs\DLLServices2\Redirected_Streams
2015/09/22 09:57:18	Program File Name = C:\Users\DAVE\Documents\Visual Studio 2013\Projects\WizardWrx_Libs\DLLServices2\StandardHandlesLab\Debug\StandardHandlesLab.exe
2015/09/22 09:57:18	THE_DRILL: OUT STDERR=D STDIN=D STDOUT=R,STDOUT.TXT
2015/09/22 09:57:18	THE_DRILL: Task OUT - STDOUT redirected, everything else to console
2015/09/22 09:57:18	THE_DRILL: Task OUT - STDOUT redirected to a new STDOUT.TXT - existing report preserved
2015/09/22 09:57:41	THE_DRILL: Task OUT completed = exit code = 255
2015/09/22 10:07:18	BOJ C:\Users\DAVE\Documents\Visual Studio 2013\Projects\WizardWrx_Libs\DLLServices2\scripts\StandardHandlesLabDrills.CMD, version 1.01
2015/09/22 10:07:18	Working Directory = C:\Users\DAVE\Documents\Visual Studio 2013\Projects\WizardWrx_Libs\DLLServices2\Redirected_Streams
2015/09/22 10:07:18	Program File Name = C:\Users\DAVE\Documents\Visual Studio 2013\Projects\WizardWrx_Libs\DLLServices2\StandardHandlesLab\Debug\StandardHandlesLab.exe
2015/09/22 10:07:18	THE_DRILL: OUT STDERR=D STDIN=D STDOUT=R,STDOUT.TXT
2015/09/22 10:07:18	THE_DRILL: Task OUT - STDOUT redirected, everything else to console
2015/09/22 10:07:18	THE_DRILL: Task OUT - STDOUT redirected to a new STDOUT.TXT - existing report preserved
2015/09/22 10:09:38	THE_DRILL: Task OUT completed = exit code = 0
2015/09/22 10:21:28	BOJ C:\Users\DAVE\Documents\Visual Studio 2013\Projects\WizardWrx_Libs\DLLServices2\scripts\StandardHandlesLabDrills.CMD, version 1.01
2015/09/22 10:21:28	Working Directory = C:\Users\DAVE\Documents\Visual Studio 2013\Projects\WizardWrx_Libs\DLLServices2\Redirected_Streams
2015/09/22 10:21:28	Program File Name = C:\Users\DAVE\Documents\Visual Studio 2013\Projects\WizardWrx_Libs\DLLServices2\StandardHandlesLab\Debug\StandardHandlesLab.exe
2015/09/22 10:21:28	THE_DRILL: OUT STDERR=D STDIN=D STDOUT=R,STDOUT.TXT
2015/09/22 10:21:28	THE_DRILL: Task OUT - STDOUT redirected, everything else to console
2015/09/22 10:21:28	THE_DRILL: Task OUT - STDOUT redirected to a new STDOUT.TXT - existing report preserved
2015/09/22 10:27:15	THE_DRILL: Task OUT completed = exit code = 0
2015/09/22 10:34:22	BOJ C:\Users\DAVE\Documents\Visual Studio 2013\Projects\WizardWrx_Libs\DLLServices2\scripts\StandardHandlesLabDrills.CMD, version 1.01
2015/09/22 10:35:09	Working Directory = C:\Users\DAVE\Documents\Visual Studio 2013\Projects\WizardWrx_Libs\DLLServices2\Redirected_Streams
2015/09/22 10:35:49	Program File Name = C:\Users\DAVE\Documents\Visual Studio 2013\Projects\WizardWrx_Libs\DLLServices2\StandardHandlesLab\Debug\StandardHandlesLab.exe
2015/09/22 10:36:24	THE_DRILL: OUT STDERR=D STDIN=D STDOUT=R,STDOUT.TXT
2015/09/22 10:37:16	THE_DRILL: Task OUT - STDOUT redirected, everything else to console
2015/09/22 10:37:43	THE_DRILL: Task OUT - STDOUT redirected to a new STDOUT.TXT - existing report preserved
2015/09/22 10:39:44	THE_DRILL: Task OUT completed = exit code = 0
2015/09/30 00:58:02	BOJ C:\Users\DAVE\Documents\Visual Studio 2013\Projects\WizardWrx_Libs\DLLServices2\scripts\StandardHandlesLabDrills.CMD, version 1.01
2015/09/30 00:58:02	Working Directory = C:\Users\DAVE\Documents\Visual Studio 2013\Projects\WizardWrx_Libs\DLLServices2\Redirected_Streams
2015/09/30 00:58:02	Program File Name = C:\Users\DAVE\Documents\Visual Studio 2013\Projects\WizardWrx_Libs\DLLServices2\StandardHandlesLab\Debug\StandardHandlesLab.exe
2015/09/30 00:58:02	THE_DRILL: IN STDERR=D STDIN=R,STDIN.TXT STDOUT=D
2015/09/30 00:58:02	THE_DRILL: Task IN - STDIN redirected, everything else to console
2015/09/30 00:58:02	THE_DRILL: Task IN - STDIN redirected to STDIN.TXT
2015/09/30 01:00:01	THE_DRILL: Task IN completed = exit code = 0
2015/09/30 02:06:53	BOJ C:\Users\DAVE\Documents\Visual Studio 2013\Projects\WizardWrx_Libs\DLLServices2\scripts\StandardHandlesLabDrills.CMD, version 1.02
2015/09/30 02:23:19	Working Directory = C:\Users\DAVE\Documents\Visual Studio 2013\Projects\WizardWrx_Libs\DLLServices2\Redirected_Streams
2015/09/30 02:23:51	Program File Name = C:\Users\DAVE\Documents\Visual Studio 2013\Projects\WizardWrx_Libs\DLLServices2\StandardHandlesLab\Debug\StandardHandlesLab.exe
2015/09/30 02:24:08	THE_DRILL: IN STDERR=D STDIN=R,STDIN.TXT STDOUT=D
2015/09/30 02:24:26	THE_DRILL: Task IN - STDIN redirected, everything else to console
2015/09/30 02:24:42	THE_DRILL: Task IN - STDIN redirected to STDIN.TXT
2015/09/30 02:25:32	THE_DRILL: Task IN completed = exit code = 0
2015/09/30 02:26:58	BOJ C:\Users\DAVE\Documents\Visual Studio 2013\Projects\WizardWrx_Libs\DLLServices2\scripts\StandardHandlesLabDrills.CMD, version 1.02
2015/09/30 11:52:51	BOJ C:\Users\DAVE\Documents\Visual Studio 2013\Projects\WizardWrx_Libs\DLLServices2\scripts\StandardHandlesLabDrills.CMD, version 1.02
2015/09/30 12:04:35	BOJ C:\Users\DAVE\Documents\Visual Studio 2013\Projects\WizardWrx_Libs\DLLServices2\scripts\StandardHandlesLabDrills.CMD, version 1.02
2015/10/01 21:03:12	BOJ C:\Users\DAVE\Documents\Visual Studio 2013\Projects\WizardWrx_Libs\DLLServices2\scripts\StandardHandlesLabDrills.CMD, version 1.02
2015/10/01 21:13:01	Working Directory = C:\Users\DAVE\Documents\Visual Studio 2013\Projects\WizardWrx_Libs\DLLServices2\Redirected_Streams
2015/10/01 21:13:35	Program File Name = C:\Users\DAVE\Documents\Visual Studio 2013\Projects\WizardWrx_Libs\DLLServices2\StandardHandlesLab\Debug\StandardHandlesLab.exe
2015/10/01 21:15:49	THE_DRILL: IN STDERR=D STDIN=R,STDIN.TXT STDOUT=D
2015/10/01 21:19:41	THE_DRILL: Task IN - STDIN redirected, everything else to console
2015/10/01 21:24:19	THE_DRILL: Task IN - STDIN redirected to STDIN.TXT
2015/10/01 21:27:15	THE_DRILL: Task IN completed = exit code = 0
2015/10/01 21:34:52	BOJ C:\Users\DAVE\Documents\Visual Studio 2013\Projects\WizardWrx_Libs\DLLServices2\scripts\StandardHandlesLabDrills.CMD, version 1.02
2015/10/01 21:37:54	Working Directory = C:\Users\DAVE\Documents\Visual Studio 2013\Projects\WizardWrx_Libs\DLLServices2\Redirected_Streams
2015/10/01 21:38:14	Program File Name = C:\Users\DAVE\Documents\Visual Studio 2013\Projects\WizardWrx_Libs\DLLServices2\StandardHandlesLab\Debug\StandardHandlesLab.exe
2015/10/01 21:38:36	THE_DRILL: IN STDERR=D STDIN=R,STDIN.TXT STDOUT=D
2015/10/01 21:39:11	THE_DRILL: Task IN - STDIN redirected, everything else to console
2015/10/01 21:39:32	THE_DRILL: Task IN - STDIN redirected to STDIN.TXT
2015/10/01 21:42:45	THE_DRILL: Task IN completed = exit code = 0
2015/10/02 14:04:04	BOJ C:\Users\DAVE\Documents\Visual Studio 2013\Projects\WizardWrx_Libs\DLLServices2\scripts\StandardHandlesLabDrills.CMD, version 1.02
2015/10/02 15:08:56	BOJ C:\Users\DAVE\Documents\Visual Studio 2013\Projects\WizardWrx_Libs\DLLServices2\scripts\StandardHandlesLabDrills.CMD, version 1.02
2015/10/02 15:10:32	Working Directory = C:\Users\DAVE\Documents\Visual Studio 2013\Projects\WizardWrx_Libs\DLLServices2\Redirected_Streams
2015/10/02 17:38:11	Program File Name = C:\Users\DAVE\Documents\Visual Studio 2013\Projects\WizardWrx_Libs\DLLServices2\StandardHandlesLab\Debug\StandardHandlesLab.exe
2015/10/02 17:39:51	THE_DRILL: IN STDERR=D STDIN=R,STDIN.TXT STDOUT=D
2015/10/02 17:40:27	THE_DRILL: Task IN - STDIN redirected, everything else to console
2015/10/02 17:41:13	THE_DRILL: Task IN - STDIN redirected to STDIN.TXT
2015/10/02 17:42:34	THE_DRILL: Task IN completed = exit code = 0
