"C:\Documents and Settings\DAG\My Documents\Visual Studio 2010\Projects\WizardWrx_Libs\DLLServices2\_archive\Archive_DLLServices2.CMD" Begin

-------------------------------------------------------------------------
Project Assembly = C:\Documents and Settings\DAG\My Documents\Visual Studio 2010\Projects\WizardWrx_Libs\DLLServices2\DLLServices2\bin\Release\WizardWrx.DLLServices2.dll
Backup Directory = C:\COMMON_DATA\Assorted_Zips\program_source\Visual Studio 2010
Backup Password  = Default
-------------------------------------------------------------------------

WWSourceCodeArchiver, version 2.0.11.25045
Begin @ 10/14/2014 02:29:58 (10/14/2014 07:29:58 UTC)

ProjectPath            = C:\Documents and Settings\DAG\My Documents\Visual Studio 2010\Projects\WizardWrx_Libs\DLLServices2\DLLServices2\bin\Release\WizardWrx.DLLServices2.dll
TargetPath             = C:\COMMON_DATA\Assorted_Zips\program_source\Visual Studio 2010\
Product Type           = DynamicLinkLibrary

Program Directory Name = C:\Documents and Settings\DAG\My Documents\Visual Studio 2010\Projects\WizardWrx_Libs\DLLServices2\DLLServices2\bin\Release
Program File Name      = WizardWrx.DLLServices2.dll
    File Size          = 54,784
    Create Date (LOC)  = 2014/07/20 20:59:32.160
    Create Date (UTC)  = 2014/07/21 01:59:32.160
    Mod Date (LOC)     = 2014/10/14 01:57:06.253
    Mod Date (UTC)     = 2014/10/14 06:57:06.253
Project Name           = DLLServices2
Project Root           = C:\Documents and Settings\DAG\My Documents\Visual Studio 2010\Projects\WizardWrx_Libs\DLLServices2\
Assembly FullName      = WizardWrx.DLLServices2, Version=5.3.162.1712, Culture=neutral, PublicKeyToken=null
    BaseName           = WizardWrx.DLLServices2
    Full Version       = 5.3.162.1712
    Culture            = neutral
    PublicKeyToken     = null

2014/10/14 02:29:59.706 Creating archive.
2014/10/14 02:30:10.300 The archive was successfully created.
2014/10/14 02:30:10.410 Archive flag reset on 134 project files.

Archive FQFN           = C:\COMMON_DATA\Assorted_Zips\program_source\Visual Studio 2010\WizardWrx.DLLServices2_5_3_162_1712.7z
    File Size          = 4,406,435
    Create Date (LOC)  = 2014/10/14 02:29:59.894
    Create Date (UTC)  = 2014/10/14 07:29:59.894
    Mod Date (LOC)     = 2014/10/14 02:30:10.285
    Mod Date (UTC)     = 2014/10/14 07:30:10.285

WWSourceCodeArchiver End - 10/14/2014 02:30:10 (10/14/2014 07:30:10 UTC)
Elapsed time: 00:00:11.765
"C:\Documents and Settings\DAG\My Documents\Visual Studio 2010\Projects\WizardWrx_Libs\DLLServices2\_archive\Archive_DLLServices2.CMD" Done!
WWPause version 3, 0, 0, 4
Tue 14 Oct 2014 02:30:10 Local

Please press RETURN when ready...