"C:\Documents and Settings\DAG\My Documents\Visual Studio 2010\Projects\WizardWrx_Libs\DLLServices2\_archive\Archive_DLLServices2.CMD" Begin

-------------------------------------------------------------------------
Project Assembly = C:\Documents and Settings\DAG\My Documents\Visual Studio 2010\Projects\WizardWrx_Libs\DLLServices2\DLLServices2\bin\Release\WizardWrx.DLLServices2.dll
Backup Directory = C:\COMMON_DATA\Assorted_Zips\program_source\Visual Studio 2010
Backup Password  = Default
-------------------------------------------------------------------------

WWSourceCodeArchiver, version 2.0.11.25045
Begin @ 07/20/2014 22:59:20 (07/21/2014 03:59:20 UTC)

ProjectPath            = C:\Documents and Settings\DAG\My Documents\Visual Studio 2010\Projects\WizardWrx_Libs\DLLServices2\DLLServices2\bin\Release\WizardWrx.DLLServices2.dll
TargetPath             = C:\COMMON_DATA\Assorted_Zips\program_source\Visual Studio 2010\
Product Type           = DynamicLinkLibrary

Program Directory Name = C:\Documents and Settings\DAG\My Documents\Visual Studio 2010\Projects\WizardWrx_Libs\DLLServices2\DLLServices2\bin\Release
Program File Name      = WizardWrx.DLLServices2.dll
    File Size          = 52,224
    Create Date (LOC)  = 2014/07/20 20:59:32.160
    Create Date (UTC)  = 2014/07/21 01:59:32.160
    Mod Date (LOC)     = 2014/07/20 20:59:32.097
    Mod Date (UTC)     = 2014/07/21 01:59:32.097
Project Name           = DLLServices2
Project Root           = C:\Documents and Settings\DAG\My Documents\Visual Studio 2010\Projects\WizardWrx_Libs\DLLServices2\
Assembly FullName      = WizardWrx.DLLServices2, Version=5.1.159.35985, Culture=neutral, PublicKeyToken=null
    BaseName           = WizardWrx.DLLServices2
    Full Version       = 5.1.159.35985
    Culture            = neutral
    PublicKeyToken     = null

2014/07/20 22:59:21.419 Creating archive.
2014/07/20 22:59:33.919 The archive was successfully created.
2014/07/20 22:59:34.044 Archive flag reset on 119 project files.

Archive FQFN           = C:\COMMON_DATA\Assorted_Zips\program_source\Visual Studio 2010\WizardWrx.DLLServices2_5_1_159_35985.7z
    File Size          = 3,884,074
    Create Date (LOC)  = 2014/07/20 22:59:22.231
    Create Date (UTC)  = 2014/07/21 03:59:22.231
    Mod Date (LOC)     = 2014/07/20 22:59:33.919
    Mod Date (UTC)     = 2014/07/21 03:59:33.919

WWSourceCodeArchiver End - 07/20/2014 22:59:34 (07/21/2014 03:59:34 UTC)
Elapsed time: 00:00:14.125
"C:\Documents and Settings\DAG\My Documents\Visual Studio 2010\Projects\WizardWr
x_Libs\DLLServices2\_archive\Archive_DLLServices2.CMD" Done!
WWPause version 2, 0, 0, 3
Mon 21 Jul 2014 03:59:35 UTC
Sun 20 Jul 2014 22:59:35 Local

Please press RETURN when ready...