c:\users\dave\documents\visual studio 2013\projects\wizardwrx_libs\dllservices2\standardhandleslab\standardhandleslab\debug\vc120.pdb
c:\users\dave\documents\visual studio 2013\projects\wizardwrx_libs\dllservices2\standardhandleslab\standardhandleslab\debug\vc120.idb
c:\users\dave\documents\visual studio 2013\projects\wizardwrx_libs\dllservices2\standardhandleslab\standardhandleslab\debug\programidfromargv.obj
c:\users\dave\documents\visual studio 2013\projects\wizardwrx_libs\dllservices2\standardhandleslab\standardhandleslab\debug\programidfromargv.asm
c:\users\dave\documents\visual studio 2013\projects\wizardwrx_libs\dllservices2\standardhandleslab\standardhandleslab\debug\standardhandlestate.obj
c:\users\dave\documents\visual studio 2013\projects\wizardwrx_libs\dllservices2\standardhandleslab\standardhandleslab\debug\standardhandlestate.asm
c:\users\dave\documents\visual studio 2013\projects\wizardwrx_libs\dllservices2\standardhandleslab\standardhandleslab\debug\standardhandleslab.obj
c:\users\dave\documents\visual studio 2013\projects\wizardwrx_libs\dllservices2\standardhandleslab\standardhandleslab\debug\standardhandleslab.asm
c:\users\dave\documents\visual studio 2013\projects\wizardwrx_libs\dllservices2\standardhandleslab\debug\standardhandleslab.ilk
c:\users\dave\documents\visual studio 2013\projects\wizardwrx_libs\dllservices2\standardhandleslab\debug\standardhandleslab.exe
c:\users\dave\documents\visual studio 2013\projects\wizardwrx_libs\dllservices2\standardhandleslab\debug\standardhandleslab.map
c:\users\dave\documents\visual studio 2013\projects\wizardwrx_libs\dllservices2\standardhandleslab\debug\standardhandleslab.pdb
c:\users\dave\documents\visual studio 2013\projects\wizardwrx_libs\dllservices2\standardhandleslab\standardhandleslab\debug\standardhandleslab.res
c:\users\dave\documents\visual studio 2013\projects\wizardwrx_libs\dllservices2\standardhandleslab\standardhandleslab\debug\standard.8e1919ac.tlog\cl.command.1.tlog
c:\users\dave\documents\visual studio 2013\projects\wizardwrx_libs\dllservices2\standardhandleslab\standardhandleslab\debug\standard.8e1919ac.tlog\cl.read.1.tlog
c:\users\dave\documents\visual studio 2013\projects\wizardwrx_libs\dllservices2\standardhandleslab\standardhandleslab\debug\standard.8e1919ac.tlog\cl.read.2.tlog
c:\users\dave\documents\visual studio 2013\projects\wizardwrx_libs\dllservices2\standardhandleslab\standardhandleslab\debug\standard.8e1919ac.tlog\cl.read.3.tlog
c:\users\dave\documents\visual studio 2013\projects\wizardwrx_libs\dllservices2\standardhandleslab\standardhandleslab\debug\standard.8e1919ac.tlog\cl.write.1.tlog
c:\users\dave\documents\visual studio 2013\projects\wizardwrx_libs\dllservices2\standardhandleslab\standardhandleslab\debug\standard.8e1919ac.tlog\link.command.1.tlog
c:\users\dave\documents\visual studio 2013\projects\wizardwrx_libs\dllservices2\standardhandleslab\standardhandleslab\debug\standard.8e1919ac.tlog\link.read.1.tlog
c:\users\dave\documents\visual studio 2013\projects\wizardwrx_libs\dllservices2\standardhandleslab\standardhandleslab\debug\standard.8e1919ac.tlog\link.write.1.tlog
c:\users\dave\documents\visual studio 2013\projects\wizardwrx_libs\dllservices2\standardhandleslab\standardhandleslab\debug\standard.8e1919ac.tlog\rc.command.1.tlog
c:\users\dave\documents\visual studio 2013\projects\wizardwrx_libs\dllservices2\standardhandleslab\standardhandleslab\debug\standard.8e1919ac.tlog\rc.read.1.tlog
c:\users\dave\documents\visual studio 2013\projects\wizardwrx_libs\dllservices2\standardhandleslab\standardhandleslab\debug\standard.8e1919ac.tlog\rc.write.1.tlog
